<?xml version="1.0" encoding="UTF-8"?>
<!-- Generated by org.testng.reporters.JUnitXMLReporter -->
<testsuite ignored="0" hostname="DESKTOP-14GEP46" failures="1" tests="2" name="Test(failed)(failed)(failed)" time="52.064" errors="0" timestamp="2025-07-09T18:30:32 IST">
  <testcase classname="testCases.TC007_ExploreAreasSection" name="ExploreAreasSection" time="21.6">
    <failure type="java.lang.AssertionError" message="null">
      <![CDATA[java.lang.AssertionError: null
at testCases.TC007_ExploreAreasSection.ExploreAreasSection(TC007_ExploreAreasSection.java:65)
at java.base/java.util.ArrayList.forEach(ArrayList.java:1596)
... Removed 27 stack frames]]>
    </failure>
  </testcase> <!-- ExploreAreasSection -->
  <testcase classname="testCases.TC005_Restaurants" name="restaurants" time="12.734"/>
</testsuite> <!-- Test(failed)(failed)(failed) -->
